C51 COMPILER V9.60.7.0   DELAY                                                             11/24/2025 21:43:22 PAGE 1   


C51 COMPILER V9.60.7.0, COMPILATION OF MODULE DELAY
OBJECT MODULE PLACED IN .\Objects\Delay.obj
COMPILER INVOKED BY: D:\keil\C51\BIN\C51.EXE Delay.c OPTIMIZE(8,SPEED) BROWSE DEBUG OBJECTEXTEND PRINT(.\Listings\Delay.
                    -lst) OBJECT(.\Objects\Delay.obj)

line level    source

   1          #include <INTRINS.H>
   2          void Delay(int ms)      //@11.0592MHz
   3          {
   4   1              unsigned char data i, j;
   5   1      int t;
   6   1              for(t=0;t<ms;t++){
   7   2              _nop_();
   8   2              i = 2;
   9   2              j = 199;
  10   2              do
  11   2              {
  12   3                      while (--j);
  13   3              } while (--i);
  14   2      }
  15   1      }


MODULE INFORMATION:   STATIC OVERLAYABLE
   CODE SIZE        =     33    ----
   CONSTANT SIZE    =   ----    ----
   XDATA SIZE       =   ----    ----
   PDATA SIZE       =   ----    ----
   DATA SIZE        =   ----    ----
   IDATA SIZE       =   ----    ----
   BIT SIZE         =   ----    ----
END OF MODULE INFORMATION.


C51 COMPILATION COMPLETE.  0 WARNING(S),  0 ERROR(S)
