C51 COMPILER V9.60.7.0   DS1302                                                            11/29/2025 19:46:45 PAGE 1   


C51 COMPILER V9.60.7.0, COMPILATION OF MODULE DS1302
OBJECT MODULE PLACED IN .\Objects\ds1302.obj
COMPILER INVOKED BY: D:\keil\C51\BIN\C51.EXE ds1302.c OPTIMIZE(8,SPEED) BROWSE DEBUG OBJECTEXTEND PRINT(.\Listings\ds130
                    -2.lst) OBJECT(.\Objects\ds1302.obj)

line level    source

   1          #include <REGX52.H>
   2          sbit DS1302_SCLK=P3^6;
   3          sbit DS1302_IO=P3^4;
   4          sbit DS1302_CE=P3^5;
   5          void DS1302_Write(unsigned char command,unsigned char dat);
   6          void DS1302_Init(){
   7   1              DS1302_CE=0;
   8   1              DS1302_SCLK=0;
   9   1              DS1302_Write(0x8E,0x00);
  10   1          DS1302_Write(0x80,0x00);
  11   1          DS1302_Write(0x82,0x00);
  12   1          DS1302_Write(0x84,0x12);
  13   1              DS1302_Write(0x8E,0x80);
  14   1      }
  15          void DS1302_Write(unsigned char command,unsigned char dat){
  16   1              unsigned char i;
  17   1              DS1302_CE=1;
  18   1              for(i=0;i<8;i++){
  19   2                      DS1302_IO=command&(0x01<<i);
  20   2                      DS1302_SCLK=1;
  21   2                      DS1302_SCLK=0;
  22   2              }
  23   1              for(i=0;i<8;i++){
  24   2                      DS1302_IO=dat&(0x01<<i);
  25   2                      DS1302_SCLK=1;
  26   2                      DS1302_SCLK=0;
  27   2              }
  28   1              DS1302_CE=0;
  29   1      }
  30          unsigned char DS1302_Read(unsigned char command){
  31   1              unsigned char i,dat=0;
  32   1              command|=0x01;
  33   1              DS1302_CE=1;
  34   1              for(i=0;i<8;i++){
  35   2                      DS1302_IO=command&(0x01<<i);
  36   2                      DS1302_SCLK=0;
  37   2                      DS1302_SCLK=1;
  38   2              }
  39   1              for(i=0;i<8;i++){
  40   2                      DS1302_SCLK=1;
  41   2                      DS1302_SCLK=0;
  42   2                      if(DS1302_IO==1){dat|=(0x01<<i);}
  43   2              }
  44   1              DS1302_CE=0;
  45   1              DS1302_IO=0;
  46   1              return dat;
  47   1      }


MODULE INFORMATION:   STATIC OVERLAYABLE
   CODE SIZE        =    198    ----
   CONSTANT SIZE    =   ----    ----
   XDATA SIZE       =   ----    ----
   PDATA SIZE       =   ----    ----
C51 COMPILER V9.60.7.0   DS1302                                                            11/29/2025 19:46:45 PAGE 2   

   DATA SIZE        =   ----    ----
   IDATA SIZE       =   ----    ----
   BIT SIZE         =   ----    ----
END OF MODULE INFORMATION.


C51 COMPILATION COMPLETE.  0 WARNING(S),  0 ERROR(S)
