C51 COMPILER V9.60.7.0   XPT2046                                                           11/29/2025 19:46:45 PAGE 1   


C51 COMPILER V9.60.7.0, COMPILATION OF MODULE XPT2046
OBJECT MODULE PLACED IN .\Objects\xpt2046.obj
COMPILER INVOKED BY: D:\keil\C51\BIN\C51.EXE xpt2046.c OPTIMIZE(8,SPEED) BROWSE DEBUG OBJECTEXTEND PRINT(.\Listings\xpt2
                    -046.lst) OBJECT(.\Objects\xpt2046.obj)

line level    source

   1          #include <REGX52.H>
   2          sbit XPT2046_CS=P3^5;
   3          sbit XPT2046_DIN=P3^4;
   4          sbit XPT2046_DCLK=P3^6;
   5          sbit XPT2046_DOUT=P3^7;
   6          unsigned int XPT2046_Read(unsigned char cmd){
   7   1              unsigned char i;
   8   1              unsigned int val=0;
   9   1              XPT2046_DCLK=0;
  10   1              XPT2046_CS=0;
  11   1              for(i=0;i<8;i++){
  12   2                      XPT2046_DIN=cmd&(0x80>>i);
  13   2                      XPT2046_DCLK=1;
  14   2                      XPT2046_DCLK=0;
  15   2              }
  16   1              for(i=0;i<16;i++){
  17   2                      XPT2046_DCLK=1;
  18   2                      XPT2046_DCLK=0;
  19   2                      if(XPT2046_DOUT){val|=(0x8000>>i);}
  20   2              }
  21   1              XPT2046_CS=1;
  22   1              return val>>=8;
  23   1      }


MODULE INFORMATION:   STATIC OVERLAYABLE
   CODE SIZE        =    105    ----
   CONSTANT SIZE    =   ----    ----
   XDATA SIZE       =   ----    ----
   PDATA SIZE       =   ----    ----
   DATA SIZE        =   ----       2
   IDATA SIZE       =   ----    ----
   BIT SIZE         =   ----    ----
END OF MODULE INFORMATION.


C51 COMPILATION COMPLETE.  0 WARNING(S),  0 ERROR(S)
